{
  "K:\\computer\\Documents\\marketplace_teamchallenge\\backend\\server.js": {
    "path": "K:\\computer\\Documents\\marketplace_teamchallenge\\backend\\server.js",
    "all": false,
    "statementMap": {
      "0": { "start": { "line": 1, "column": 0 }, "end": { "line": 1, "column": 12 } },
      "1": { "start": { "line": 2, "column": 0 }, "end": { "line": 2, "column": 0 } },
      "2": { "start": { "line": 3, "column": 0 }, "end": { "line": 3, "column": 35 } },
      "3": { "start": { "line": 4, "column": 0 }, "end": { "line": 4, "column": 18 } },
      "4": { "start": { "line": 5, "column": 0 }, "end": { "line": 5, "column": 22 } },
      "5": { "start": { "line": 6, "column": 0 }, "end": { "line": 6, "column": 0 } },
      "6": { "start": { "line": 7, "column": 0 }, "end": { "line": 7, "column": 67 } },
      "7": { "start": { "line": 8, "column": 0 }, "end": { "line": 8, "column": 0 } },
      "8": { "start": { "line": 9, "column": 0 }, "end": { "line": 9, "column": 37 } },
      "9": { "start": { "line": 10, "column": 0 }, "end": { "line": 10, "column": 0 } },
      "10": { "start": { "line": 11, "column": 0 }, "end": { "line": 11, "column": 0 } },
      "11": { "start": { "line": 12, "column": 0 }, "end": { "line": 12, "column": 39 } },
      "12": { "start": { "line": 13, "column": 0 }, "end": { "line": 13, "column": 63 } },
      "13": { "start": { "line": 14, "column": 0 }, "end": { "line": 14, "column": 3 } },
      "14": { "start": { "line": 15, "column": 0 }, "end": { "line": 15, "column": 0 } },
      "15": { "start": { "line": 16, "column": 0 }, "end": { "line": 16, "column": 0 } },
      "16": { "start": { "line": 17, "column": 0 }, "end": { "line": 17, "column": 24 } }
    },
    "s": {
      "0": 1,
      "1": 1,
      "2": 1,
      "3": 1,
      "4": 1,
      "5": 1,
      "6": 1,
      "7": 1,
      "8": 1,
      "9": 1,
      "10": 1,
      "11": 1,
      "12": 1,
      "13": 1,
      "14": 1,
      "15": 1,
      "16": 1
    },
    "branchMap": {
      "0": {
        "type": "branch",
        "line": 12,
        "loc": {
          "start": { "line": 12, "column": 32 },
          "end": { "line": 14, "column": 2 }
        },
        "locations": [
          { "start": { "line": 12, "column": 32 }, "end": { "line": 14, "column": 2 } }
        ]
      }
    },
    "b": { "0": [1] },
    "fnMap": {},
    "f": {}
  },
  "K:\\computer\\Documents\\marketplace_teamchallenge\\backend\\src\\components\\controllers\\statusController.js": {
    "path": "K:\\computer\\Documents\\marketplace_teamchallenge\\backend\\src\\components\\controllers\\statusController.js",
    "all": false,
    "statementMap": {
      "0": { "start": { "line": 1, "column": 0 }, "end": { "line": 1, "column": 26 } },
      "1": { "start": { "line": 2, "column": 0 }, "end": { "line": 2, "column": 0 } },
      "2": { "start": { "line": 3, "column": 0 }, "end": { "line": 3, "column": 25 } },
      "3": { "start": { "line": 4, "column": 0 }, "end": { "line": 4, "column": 59 } },
      "4": { "start": { "line": 5, "column": 0 }, "end": { "line": 5, "column": 5 } },
      "5": { "start": { "line": 6, "column": 0 }, "end": { "line": 6, "column": 2 } },
      "6": { "start": { "line": 7, "column": 0 }, "end": { "line": 7, "column": 0 } },
      "7": { "start": { "line": 8, "column": 0 }, "end": { "line": 8, "column": 34 } }
    },
    "s": { "0": 1, "1": 1, "2": 1, "3": 1, "4": 1, "5": 1, "6": 1, "7": 1 },
    "branchMap": {
      "0": {
        "type": "branch",
        "line": 3,
        "loc": {
          "start": { "line": 3, "column": 10 },
          "end": { "line": 5, "column": 5 }
        },
        "locations": [
          { "start": { "line": 3, "column": 10 }, "end": { "line": 5, "column": 5 } }
        ]
      }
    },
    "b": { "0": [1] },
    "fnMap": {
      "0": {
        "name": "ping",
        "decl": {
          "start": { "line": 3, "column": 10 },
          "end": { "line": 5, "column": 5 }
        },
        "loc": {
          "start": { "line": 3, "column": 10 },
          "end": { "line": 5, "column": 5 }
        },
        "line": 3
      }
    },
    "f": { "0": 1 }
  },
  "K:\\computer\\Documents\\marketplace_teamchallenge\\backend\\src\\components\\routes\\statusRoute.js": {
    "path": "K:\\computer\\Documents\\marketplace_teamchallenge\\backend\\src\\components\\routes\\statusRoute.js",
    "all": false,
    "statementMap": {
      "0": { "start": { "line": 1, "column": 0 }, "end": { "line": 1, "column": 17 } },
      "1": { "start": { "line": 2, "column": 0 }, "end": { "line": 2, "column": 0 } },
      "2": { "start": { "line": 3, "column": 0 }, "end": { "line": 3, "column": 35 } },
      "3": { "start": { "line": 4, "column": 0 }, "end": { "line": 4, "column": 0 } },
      "4": { "start": { "line": 5, "column": 0 }, "end": { "line": 5, "column": 68 } },
      "5": { "start": { "line": 6, "column": 0 }, "end": { "line": 6, "column": 0 } },
      "6": { "start": { "line": 7, "column": 0 }, "end": { "line": 7, "column": 32 } },
      "7": { "start": { "line": 8, "column": 0 }, "end": { "line": 8, "column": 0 } },
      "8": { "start": { "line": 9, "column": 0 }, "end": { "line": 9, "column": 0 } },
      "9": { "start": { "line": 10, "column": 0 }, "end": { "line": 10, "column": 0 } },
      "10": { "start": { "line": 11, "column": 0 }, "end": { "line": 11, "column": 20 } },
      "11": { "start": { "line": 12, "column": 0 }, "end": { "line": 12, "column": 43 } },
      "12": { "start": { "line": 13, "column": 0 }, "end": { "line": 13, "column": 0 } },
      "13": { "start": { "line": 14, "column": 0 }, "end": { "line": 14, "column": 24 } }
    },
    "s": {
      "0": 1,
      "1": 1,
      "2": 1,
      "3": 1,
      "4": 1,
      "5": 1,
      "6": 1,
      "7": 1,
      "8": 1,
      "9": 1,
      "10": 1,
      "11": 1,
      "12": 1,
      "13": 1
    },
    "branchMap": {},
    "b": {},
    "fnMap": {},
    "f": {}
  }
}
